<?xml version="1.0" encoding="UTF-8"?>
<!-- Generated by org.testng.reporters.JUnitReportReporter -->
<testsuite skipped="0" hostname="xyz-PC" name="com.inetbanking.testCases.TC_LoginTest_001" tests="1" failures="0" timestamp="03 Sep 2021 17:15:12 GMT" time="2.522" errors="0">
  <testcase name="loginTest" time="2.522" classname="com.inetbanking.testCases.TC_LoginTest_001"/>
</testsuite> <!-- com.inetbanking.testCases.TC_LoginTest_001 -->
