<?xml version="1.0" encoding="UTF-8"?>
<!-- Generated by org.testng.reporters.JUnitReportReporter -->
<testsuite skipped="0" hostname="xyz-PC" name="com.inetbanking.testCases.TC_LoginTest_001" tests="1" failures="0" timestamp="23 Jan 2022 08:14:27 GMT" time="10.842" errors="0">
  <testcase name="loginTest" time="10.842" classname="com.inetbanking.testCases.TC_LoginTest_001"/>
</testsuite> <!-- com.inetbanking.testCases.TC_LoginTest_001 -->
